<?xml version="1.0" encoding="UTF-8"?>
<!-- Generated by org.testng.reporters.JUnitReportReporter -->
<testsuite skipped="0" hostname="NPF0SKRSD" name="scripts.FlipkartLogin" tests="2" failures="0" timestamp="12 Oct 2017 09:14:54 GMT" time="11.107" errors="0">
  <testcase name="doLoginToFlipkart" time="7.282" classname="scripts.FlipkartLogin"/>
  <testcase name="doLoginToFlipkart1" time="3.825" classname="scripts.FlipkartLogin"/>
</testsuite> <!-- scripts.FlipkartLogin -->
