<?xml version="1.0" encoding="UTF-8"?>
<!-- Generated by org.testng.reporters.JUnitReportReporter -->
<testsuite skipped="0" hostname="NPF0SKRSD" name="scripts.mobile.Login" tests="1" failures="0" timestamp="14 Aug 2018 06:35:49 GMT" time="0.938" errors="1">
  <testcase name="loginWithInvalidPassword" time="0.938" classname="scripts.mobile.Login">
    <error type="org.openqa.selenium.WebDriverException" message="An unknown server-side error occurred while processing the command. (WARNING: The server did not provide any stacktrace information)
Command duration or timeout: 0 milliseconds
Build info: version: &#039;3.11.0&#039;, revision: &#039;e59cfb3&#039;, time: &#039;2018-03-11T20:26:55.152Z&#039;
System info: host: &#039;NPF0SKRSD&#039;, ip: &#039;172.20.3.30&#039;, os.name: &#039;Windows 10&#039;, os.arch: &#039;amd64&#039;, os.version: &#039;10.0&#039;, java.version: &#039;1.8.0_144&#039;
Driver info: io.appium.java_client.android.AndroidDriver
Capabilities {appActivity: com.flipkart.android.Splash..., appPackage: com.flipkart.android, browserName: Android, databaseEnabled: false, desired: {appActivity: com.flipkart.android.Splash..., appPackage: com.flipkart.android, browserName: Android, deviceName: 5203b831ecbf836b, platform: ANDROID, platformName: Android, version: 6.0.1}, deviceManufacturer: samsung, deviceModel: SM-J710F, deviceName: 5203b831ecbf836b, deviceScreenSize: 720x1280, deviceUDID: 5203b831ecbf836b, javascriptEnabled: true, locationContextEnabled: false, networkConnectionEnabled: true, platform: ANDROID, platformName: ANDROID, platformVersion: 6.0.1, takesScreenshot: true, version: 6.0.1, warnings: {}, webStorageEnabled: false}
Session ID: b7aeef5d-9dde-4fc8-8237-167b8deb3d06">
      <![CDATA[org.openqa.selenium.WebDriverException: An unknown server-side error occurred while processing the command. (WARNING: The server did not provide any stacktrace information)
Command duration or timeout: 0 milliseconds
Build info: version: '3.11.0', revision: 'e59cfb3', time: '2018-03-11T20:26:55.152Z'
System info: host: 'NPF0SKRSD', ip: '172.20.3.30', os.name: 'Windows 10', os.arch: 'amd64', os.version: '10.0', java.version: '1.8.0_144'
Driver info: io.appium.java_client.android.AndroidDriver
Capabilities {appActivity: com.flipkart.android.Splash..., appPackage: com.flipkart.android, browserName: Android, databaseEnabled: false, desired: {appActivity: com.flipkart.android.Splash..., appPackage: com.flipkart.android, browserName: Android, deviceName: 5203b831ecbf836b, platform: ANDROID, platformName: Android, version: 6.0.1}, deviceManufacturer: samsung, deviceModel: SM-J710F, deviceName: 5203b831ecbf836b, deviceScreenSize: 720x1280, deviceUDID: 5203b831ecbf836b, javascriptEnabled: true, locationContextEnabled: false, networkConnectionEnabled: true, platform: ANDROID, platformName: ANDROID, platformVersion: 6.0.1, takesScreenshot: true, version: 6.0.1, warnings: {}, webStorageEnabled: false}
Session ID: b7aeef5d-9dde-4fc8-8237-167b8deb3d06
at sun.reflect.NativeConstructorAccessorImpl.newInstance0(Native Method)
at sun.reflect.NativeConstructorAccessorImpl.newInstance(NativeConstructorAccessorImpl.java:62)
at sun.reflect.DelegatingConstructorAccessorImpl.newInstance(DelegatingConstructorAccessorImpl.java:45)
at java.lang.reflect.Constructor.newInstance(Constructor.java:423)
at org.openqa.selenium.remote.ErrorHandler.createThrowable(ErrorHandler.java:214)
at org.openqa.selenium.remote.ErrorHandler.throwIfResponseFailed(ErrorHandler.java:166)
at org.openqa.selenium.remote.http.JsonHttpResponseCodec.reconstructValue(JsonHttpResponseCodec.java:40)
at org.openqa.selenium.remote.http.AbstractHttpResponseCodec.decode(AbstractHttpResponseCodec.java:80)
at org.openqa.selenium.remote.http.AbstractHttpResponseCodec.decode(AbstractHttpResponseCodec.java:44)
at org.openqa.selenium.remote.HttpCommandExecutor.execute(HttpCommandExecutor.java:158)
at io.appium.java_client.remote.AppiumCommandExecutor.execute(AppiumCommandExecutor.java:89)
at org.openqa.selenium.remote.RemoteWebDriver.execute(RemoteWebDriver.java:545)
at io.appium.java_client.DefaultGenericMobileDriver.execute(DefaultGenericMobileDriver.java:42)
at io.appium.java_client.AppiumDriver.execute(AppiumDriver.java:1)
at io.appium.java_client.android.AndroidDriver.execute(AndroidDriver.java:1)
at io.appium.java_client.PerformsTouchActions.performTouchAction(PerformsTouchActions.java:41)
at io.appium.java_client.TouchAction.perform(TouchAction.java:325)
at driverCreation.WebElementLocator.swipe(WebElementLocator.java:224)
at businessLogic.mobilepages.MobileLoginPage.doLogin(MobileLoginPage.java:25)
at scripts.mobile.Login.loginWithInvalidPassword(Login.java:14)
at sun.reflect.NativeMethodAccessorImpl.invoke0(Native Method)
at sun.reflect.NativeMethodAccessorImpl.invoke(NativeMethodAccessorImpl.java:62)
at sun.reflect.DelegatingMethodAccessorImpl.invoke(DelegatingMethodAccessorImpl.java:43)
at java.lang.reflect.Method.invoke(Method.java:498)
at org.testng.internal.MethodInvocationHelper.invokeMethod(MethodInvocationHelper.java:124)
at org.testng.internal.Invoker.invokeMethod(Invoker.java:583)
at org.testng.internal.Invoker.invokeTestMethod(Invoker.java:719)
at org.testng.internal.Invoker.invokeTestMethods(Invoker.java:989)
at org.testng.internal.TestMethodWorker.invokeTestMethods(TestMethodWorker.java:125)
at org.testng.internal.TestMethodWorker.run(TestMethodWorker.java:109)
at org.testng.TestRunner.privateRun(TestRunner.java:648)
at org.testng.TestRunner.run(TestRunner.java:505)
at org.testng.SuiteRunner.runTest(SuiteRunner.java:455)
at org.testng.SuiteRunner.access$000(SuiteRunner.java:40)
at org.testng.SuiteRunner$SuiteWorker.run(SuiteRunner.java:489)
at org.testng.internal.thread.ThreadUtil$1.call(ThreadUtil.java:52)
at java.util.concurrent.FutureTask.run(FutureTask.java:266)
at java.util.concurrent.ThreadPoolExecutor.runWorker(ThreadPoolExecutor.java:1149)
at java.util.concurrent.ThreadPoolExecutor$Worker.run(ThreadPoolExecutor.java:624)
at java.lang.Thread.run(Thread.java:748)
]]>
    </error>
  </testcase> <!-- loginWithInvalidPassword -->
</testsuite> <!-- scripts.mobile.Login -->
