<?xml version="1.0" encoding="UTF-8"?>
<!-- Generated by org.testng.reporters.JUnitReportReporter -->
<testsuite skipped="0" hostname="NPF0SKRSD" name="programming.ReverseString" tests="1" failures="0" timestamp="09 Oct 2017 10:18:11 GMT" time="11.192" errors="0">
  <testcase name="setUP" time="11.192" classname="programming.ReverseString"/>
</testsuite> <!-- programming.ReverseString -->
